<?xml version="1.0" encoding="UTF-8"?>
<testsuite xmlns:xsi="http://www.w3.org/2001/XMLSchema-instance" xsi:noNamespaceSchemaLocation="https://maven.apache.org/surefire/maven-surefire-plugin/xsd/surefire-test-report.xsd" name="cucumber.Options.TestRunner" time="6.27" tests="3" errors="0" skipped="0" failures="0">
  <properties>
[...]
</properties>
  <testcase name="Verify if place is being Succesfully added using AddPlaceAPI #1" classname="Validaing Place API&apos;s" time="3.996"/>
  <testcase name="Verify if place is being Succesfully added using AddPlaceAPI #2" classname="Validaing Place API&apos;s" time="1.023"/>
  <testcase name="Verify if delete functionality is working" classname="Validaing Place API&apos;s" time="0.636"/>
</testsuite>